<?xml version="1.0" encoding="UTF-8"?>
<!-- Generated by org.testng.reporters.JUnitReportReporter -->
<testsuite hostname="suraj-PC" name="com.inetbanking.testcases.LoginPage_TestCase" tests="1" failures="0" timestamp="23 Jan 2020 16:41:51 GMT" time="2.184" errors="0">
  <testcase name="login_test" time="2.184" classname="com.inetbanking.testcases.LoginPage_TestCase"/>
</testsuite> <!-- com.inetbanking.testcases.LoginPage_TestCase -->
