<?xml version="1.0" encoding="UTF-8"?>
<!-- Generated by org.testng.reporters.JUnitReportReporter -->
<testsuite hostname="suraj-PC" name="com.inetbanking.testcases.LoginPage_TestCase" tests="1" failures="0" timestamp="25 Jan 2020 04:25:19 GMT" time="2.300" errors="0">
  <testcase name="login_test" time="2.300" classname="com.inetbanking.testcases.LoginPage_TestCase"/>
</testsuite> <!-- com.inetbanking.testcases.LoginPage_TestCase -->
